
Welcome to the Minimal Arch OS with X11 Installation.

Press any key to continue. Ctrl-C to exit.


Welcome to the Minimal Arch OS with X11 Installation.

Press any key to continue. Ctrl-C to exit.


Welcome to the Minimal Arch OS with X11 Installation.

Press any key to continue. Ctrl-C to exit.


Welcome to the Minimal Arch OS with X11 Installation.

Press any key to continue. Ctrl-C to exit.


Welcome to the Minimal Arch OS with X11 Installation.

Press any key to continue. Ctrl-C to exit.


Testing internet connection...
Connected to the Internet.

Configuring Mirrors...
cp: cannot create regular file '/etc/pacman.d/mirrorlist.bak': Permission denied

Configuring Mirrors...
cp: cannot create regular file '/mnt/etc/pacman.d/mirrorlist.bak': No such file or directory

Configuring Mirrors...
cp: cannot create regular file '/mnt/etc/pacman.d/mirrorlist.bak': Permission denied

Configuring Mirrors...
cp: cannot create regular file '/mnt/etc/pacman.d/mirrorlist.bak': Permission denied

Configuring Mirrors...
